Using pre-set license
Built from '2020.3/staging' branch; Version is '2020.3.30f1 (1fb1bf06830e) revision 2077119'; Using compiler version '192528614'; Build Type 'Release'
OS: 'Windows 11  (10.0.22000) 64bit Core' Language: 'en' Physical Memory: 15789 MB
BatchMode: 1, IsHumanControllingUs: 0, StartBugReporterOnCrash: 0, Is64bit: 1, IsPro: 0

COMMAND LINE ARGUMENTS:
E:\Unity\2020.3.30f1\Editor\Unity.exe
-adb2
-batchMode
-noUpm
-name
AssetImportWorker1
-projectPath
E:/Git/ScoreSpace-Game-Jam/Score Space Jam18
-logFile
Logs/AssetImportWorker1.log
-srvPort
54057
Successfully changed project path to: E:/Git/ScoreSpace-Game-Jam/Score Space Jam18
E:/Git/ScoreSpace-Game-Jam/Score Space Jam18
Using Asset Import Pipeline V2.
Refreshing native plugins compatible for Editor in 52.44 ms, found 3 plugins.
Preloading 0 native plugins for Editor in 0.00 ms.
Initialize engine version: 2020.3.30f1 (1fb1bf06830e)
[Subsystems] Discovering subsystems at path E:/Unity/2020.3.30f1/Editor/Data/Resources/UnitySubsystems
[Subsystems] Discovering subsystems at path E:/Git/ScoreSpace-Game-Jam/Score Space Jam18/Assets
GfxDevice: creating device client; threaded=0
Direct3D:
    Version:  Direct3D 11.0 [level 11.1]
    Renderer: NVIDIA GeForce GTX 1650 Ti (ID=0x2192)
    Vendor:   
    VRAM:     3962 MB
    Driver:   30.0.14.9649
Initialize mono
Mono path[0] = 'E:/Unity/2020.3.30f1/Editor/Data/Managed'
Mono path[1] = 'E:/Unity/2020.3.30f1/Editor/Data/MonoBleedingEdge/lib/mono/unityjit'
Mono config path = 'E:/Unity/2020.3.30f1/Editor/Data/MonoBleedingEdge/etc'
Using monoOptions --debugger-agent=transport=dt_socket,embedding=1,server=y,suspend=n,address=127.0.0.1:56736
Begin MonoManager ReloadAssembly
Registering precompiled unity dll's ...
Register platform support module: E:/Unity/2020.3.30f1/Editor/Data/PlaybackEngines/WebGLSupport/UnityEditor.WebGL.Extensions.dll
Register platform support module: E:/Unity/2020.3.30f1/Editor/Data/PlaybackEngines/WindowsStandaloneSupport/UnityEditor.WindowsStandalone.Extensions.dll
Registered in 0.001805 seconds.
Native extension for WindowsStandalone target not found
Native extension for WebGL target not found
Refreshing native plugins compatible for Editor in 61.88 ms, found 3 plugins.
Preloading 0 native plugins for Editor in 0.00 ms.
Mono: successfully reloaded assembly
- Completed reload, in  0.726 seconds
Domain Reload Profiling:
	ReloadAssembly (727ms)
		BeginReloadAssembly (75ms)
			ExecutionOrderSort (0ms)
			DisableScriptedObjects (0ms)
			BackupInstance (0ms)
			ReleaseScriptingObjects (0ms)
			CreateAndSetChildDomain (1ms)
		EndReloadAssembly (588ms)
			LoadAssemblies (76ms)
			RebuildTransferFunctionScriptingTraits (0ms)
			SetupTypeCache (153ms)
			ReleaseScriptCaches (0ms)
			RebuildScriptCaches (40ms)
			SetupLoadedEditorAssemblies (195ms)
				LogAssemblyErrors (0ms)
				InitializePlatformSupportModulesInManaged (10ms)
				SetLoadedEditorAssemblies (0ms)
				RefreshPlugins (62ms)
				BeforeProcessingInitializeOnLoad (14ms)
				ProcessInitializeOnLoadAttributes (79ms)
				ProcessInitializeOnLoadMethodAttributes (31ms)
				AfterProcessingInitializeOnLoad (0ms)
				EditorAssembliesLoaded (0ms)
			ExecutionOrderSort2 (0ms)
			AwakeInstancesAfterBackupRestoration (0ms)
Platform modules already initialized, skipping
Registering precompiled user dll's ...
Registered in 0.006739 seconds.
Begin MonoManager ReloadAssembly
Native extension for WindowsStandalone target not found
Native extension for WebGL target not found
Refreshing native plugins compatible for Editor in 50.99 ms, found 3 plugins.
Preloading 0 native plugins for Editor in 0.00 ms.
Mono: successfully reloaded assembly
- Completed reload, in  1.034 seconds
Domain Reload Profiling:
	ReloadAssembly (1035ms)
		BeginReloadAssembly (143ms)
			ExecutionOrderSort (0ms)
			DisableScriptedObjects (4ms)
			BackupInstance (0ms)
			ReleaseScriptingObjects (0ms)
			CreateAndSetChildDomain (18ms)
		EndReloadAssembly (843ms)
			LoadAssemblies (114ms)
			RebuildTransferFunctionScriptingTraits (0ms)
			SetupTypeCache (278ms)
			ReleaseScriptCaches (0ms)
			RebuildScriptCaches (43ms)
			SetupLoadedEditorAssemblies (325ms)
				LogAssemblyErrors (0ms)
				InitializePlatformSupportModulesInManaged (4ms)
				SetLoadedEditorAssemblies (0ms)
				RefreshPlugins (51ms)
				BeforeProcessingInitializeOnLoad (73ms)
				ProcessInitializeOnLoadAttributes (178ms)
				ProcessInitializeOnLoadMethodAttributes (17ms)
				AfterProcessingInitializeOnLoad (3ms)
				EditorAssembliesLoaded (0ms)
			ExecutionOrderSort2 (0ms)
			AwakeInstancesAfterBackupRestoration (6ms)
Platform modules already initialized, skipping
========================================================================
Worker process is ready to serve import requests
Launched and connected shader compiler UnityShaderCompiler.exe after 0.18 seconds
Refreshing native plugins compatible for Editor in 0.79 ms, found 3 plugins.
Preloading 0 native plugins for Editor in 0.00 ms.
Unloading 2388 Unused Serialized files (Serialized files now loaded: 0)
System memory in use before: 121.9 MB.
System memory in use after: 122.0 MB.

Unloading 34 unused Assets to reduce memory usage. Loaded Objects now: 2833.
Total: 3.992900 ms (FindLiveObjects: 0.263600 ms CreateObjectMapping: 0.110800 ms MarkObjects: 3.460900 ms  DeleteObjects: 0.156300 ms)

AssetImportParameters requested are different than current active one (requested -> active):
  custom:framework-win-MediaFoundation: 216162199b28c13a410421893ffa2e32 -> 
  custom:video-decoder-ogg-theora: a1e56fd34408186e4bbccfd4996cb3dc -> 
  custom:container-muxer-webm: aa71ff27fc2769a1b78a27578f13a17b -> 
  custom:container-demuxer-webm: 4f35f7cbe854078d1ac9338744f61a02 -> 
  custom:container-demuxer-ogg: 62fdf1f143b41e24485cea50d1cbac27 -> 
  custom:video-encoder-webm-vp8: eb34c28f22e8b96e1ab97ce403110664 -> 
  custom:video-codec-MediaFoundation-h265: 746d11721c4dcdbdad8f713fa42b33f4 -> 
  custom:video-decoder-webm-vp8: 9c59270c3fd7afecdb556c50c9e8de78 -> 
  custom:audio-decoder-ogg-vorbis: bf7c407c2cedff20999df2af8eb42d56 -> 
  custom:audio-encoder-webm-vorbis: bf7c407c2cedff20999df2af8eb42d56 -> 
========================================================================
Received Import Request.
  path: ProjectSettings/TagManager.asset
  artifactKey: Guid(00000000000000003000000000000000) Importer(815301076,1909f56bfc062723c751e8b465ee728b)
Start importing ProjectSettings/TagManager.asset using Guid(00000000000000003000000000000000) Importer(815301076,1909f56bfc062723c751e8b465ee728b)  -> (artifact id: 'be98e3f5371ba625eb6ce9f07c1ff43b') in 0.045529 seconds 
========================================================================
Received Prepare
Refreshing native plugins compatible for Editor in 5.47 ms, found 3 plugins.
Preloading 0 native plugins for Editor in 0.00 ms.
Unloading 21 Unused Serialized files (Serialized files now loaded: 0)
System memory in use before: 71.6 MB.
System memory in use after: 71.6 MB.

Unloading 22 unused Assets to reduce memory usage. Loaded Objects now: 2833.
Total: 3.767400 ms (FindLiveObjects: 0.206900 ms CreateObjectMapping: 0.065400 ms MarkObjects: 3.332000 ms  DeleteObjects: 0.161400 ms)

AssetImportParameters requested are different than current active one (requested -> active):
  custom:framework-win-MediaFoundation: 216162199b28c13a410421893ffa2e32 -> 
  custom:video-decoder-ogg-theora: a1e56fd34408186e4bbccfd4996cb3dc -> 
  custom:container-muxer-webm: aa71ff27fc2769a1b78a27578f13a17b -> 
  custom:container-demuxer-webm: 4f35f7cbe854078d1ac9338744f61a02 -> 
  custom:container-demuxer-ogg: 62fdf1f143b41e24485cea50d1cbac27 -> 
  custom:video-encoder-webm-vp8: eb34c28f22e8b96e1ab97ce403110664 -> 
  custom:video-codec-MediaFoundation-h265: 746d11721c4dcdbdad8f713fa42b33f4 -> 
  custom:video-decoder-webm-vp8: 9c59270c3fd7afecdb556c50c9e8de78 -> 
  custom:audio-decoder-ogg-vorbis: bf7c407c2cedff20999df2af8eb42d56 -> 
  custom:audio-encoder-webm-vorbis: bf7c407c2cedff20999df2af8eb42d56 -> 
========================================================================
Received Prepare
Registering precompiled user dll's ...
Registered in 0.006127 seconds.
Begin MonoManager ReloadAssembly
Native extension for WindowsStandalone target not found
Native extension for WebGL target not found
Refreshing native plugins compatible for Editor in 1.00 ms, found 3 plugins.
Preloading 0 native plugins for Editor in 0.00 ms.
Mono: successfully reloaded assembly
- Completed reload, in  1.086 seconds
Domain Reload Profiling:
	ReloadAssembly (1086ms)
		BeginReloadAssembly (119ms)
			ExecutionOrderSort (0ms)
			DisableScriptedObjects (5ms)
			BackupInstance (0ms)
			ReleaseScriptingObjects (0ms)
			CreateAndSetChildDomain (32ms)
		EndReloadAssembly (919ms)
			LoadAssemblies (110ms)
			RebuildTransferFunctionScriptingTraits (0ms)
			SetupTypeCache (274ms)
			ReleaseScriptCaches (1ms)
			RebuildScriptCaches (41ms)
			SetupLoadedEditorAssemblies (388ms)
				LogAssemblyErrors (0ms)
				InitializePlatformSupportModulesInManaged (13ms)
				SetLoadedEditorAssemblies (1ms)
				RefreshPlugins (1ms)
				BeforeProcessingInitializeOnLoad (136ms)
				ProcessInitializeOnLoadAttributes (219ms)
				ProcessInitializeOnLoadMethodAttributes (15ms)
				AfterProcessingInitializeOnLoad (3ms)
				EditorAssembliesLoaded (0ms)
			ExecutionOrderSort2 (0ms)
			AwakeInstancesAfterBackupRestoration (13ms)
Platform modules already initialized, skipping
Refreshing native plugins compatible for Editor in 0.59 ms, found 3 plugins.
Preloading 0 native plugins for Editor in 0.00 ms.
Unloading 2343 Unused Serialized files (Serialized files now loaded: 0)
System memory in use before: 118.0 MB.
System memory in use after: 118.1 MB.

Unloading 23 unused Assets to reduce memory usage. Loaded Objects now: 2835.
Total: 3.459800 ms (FindLiveObjects: 0.203000 ms CreateObjectMapping: 0.067800 ms MarkObjects: 3.045900 ms  DeleteObjects: 0.141500 ms)

AssetImportParameters requested are different than current active one (requested -> active):
  custom:framework-win-MediaFoundation: 216162199b28c13a410421893ffa2e32 -> 
  custom:video-decoder-ogg-theora: a1e56fd34408186e4bbccfd4996cb3dc -> 
  custom:container-muxer-webm: aa71ff27fc2769a1b78a27578f13a17b -> 
  custom:container-demuxer-webm: 4f35f7cbe854078d1ac9338744f61a02 -> 
  custom:container-demuxer-ogg: 62fdf1f143b41e24485cea50d1cbac27 -> 
  custom:video-encoder-webm-vp8: eb34c28f22e8b96e1ab97ce403110664 -> 
  custom:video-codec-MediaFoundation-h265: 746d11721c4dcdbdad8f713fa42b33f4 -> 
  custom:video-decoder-webm-vp8: 9c59270c3fd7afecdb556c50c9e8de78 -> 
  custom:audio-decoder-ogg-vorbis: bf7c407c2cedff20999df2af8eb42d56 -> 
  custom:audio-encoder-webm-vorbis: bf7c407c2cedff20999df2af8eb42d56 -> 
========================================================================
Received Import Request.
  Time since last request: 178.361845 seconds.
  path: Assets/Prefab/Spider.prefab
  artifactKey: Guid(9705728f9f83e3c448e2b2632ae2b2d7) Importer(815301076,1909f56bfc062723c751e8b465ee728b)
Start importing Assets/Prefab/Spider.prefab using Guid(9705728f9f83e3c448e2b2632ae2b2d7) Importer(815301076,1909f56bfc062723c751e8b465ee728b)  -> (artifact id: 'd8bf436bd4fe12d708d922ecb5fea570') in 1.280373 seconds 
========================================================================
Received Import Request.
  Time since last request: 9.040241 seconds.
  path: Assets/Prefab/Spider.prefab
  artifactKey: Guid(9705728f9f83e3c448e2b2632ae2b2d7) Importer(815301076,1909f56bfc062723c751e8b465ee728b)
Start importing Assets/Prefab/Spider.prefab using Guid(9705728f9f83e3c448e2b2632ae2b2d7) Importer(815301076,1909f56bfc062723c751e8b465ee728b)  -> (artifact id: 'e52e61e9149128174e7145db3f3557d6') in 0.112564 seconds 
========================================================================
Received Import Request.
  Time since last request: 3.080606 seconds.
  path: Assets/Prefab/Spider.prefab
  artifactKey: Guid(9705728f9f83e3c448e2b2632ae2b2d7) Importer(815301076,1909f56bfc062723c751e8b465ee728b)
Start importing Assets/Prefab/Spider.prefab using Guid(9705728f9f83e3c448e2b2632ae2b2d7) Importer(815301076,1909f56bfc062723c751e8b465ee728b)  -> (artifact id: 'afe11e19995056ee9b592195300de721') in 0.024365 seconds 
========================================================================
Received Import Request.
  Time since last request: 19.532421 seconds.
  path: Assets/Prefab/Spider.prefab
  artifactKey: Guid(9705728f9f83e3c448e2b2632ae2b2d7) Importer(815301076,1909f56bfc062723c751e8b465ee728b)
Start importing Assets/Prefab/Spider.prefab using Guid(9705728f9f83e3c448e2b2632ae2b2d7) Importer(815301076,1909f56bfc062723c751e8b465ee728b)  -> (artifact id: 'f7ee2e37420bb355e929adcb56274874') in 0.022825 seconds 
========================================================================
Received Import Request.
  Time since last request: 1.461323 seconds.
  path: Assets/Prefab/Spider.prefab
  artifactKey: Guid(9705728f9f83e3c448e2b2632ae2b2d7) Importer(815301076,1909f56bfc062723c751e8b465ee728b)
Start importing Assets/Prefab/Spider.prefab using Guid(9705728f9f83e3c448e2b2632ae2b2d7) Importer(815301076,1909f56bfc062723c751e8b465ee728b)  -> (artifact id: 'de58ffc104821471c302a990f6ec3f25') in 0.104194 seconds 
========================================================================
Received Import Request.
  Time since last request: 0.438111 seconds.
  path: Assets/Prefab/Spider.prefab
  artifactKey: Guid(9705728f9f83e3c448e2b2632ae2b2d7) Importer(815301076,1909f56bfc062723c751e8b465ee728b)
Start importing Assets/Prefab/Spider.prefab using Guid(9705728f9f83e3c448e2b2632ae2b2d7) Importer(815301076,1909f56bfc062723c751e8b465ee728b)  -> (artifact id: 'd079ef0babf004d1ab74d2b3bf5463e2') in 0.029643 seconds 
========================================================================
Received Import Request.
  Time since last request: 0.767132 seconds.
  path: Assets/Prefab/Spider.prefab
  artifactKey: Guid(9705728f9f83e3c448e2b2632ae2b2d7) Importer(815301076,1909f56bfc062723c751e8b465ee728b)
Start importing Assets/Prefab/Spider.prefab using Guid(9705728f9f83e3c448e2b2632ae2b2d7) Importer(815301076,1909f56bfc062723c751e8b465ee728b)  -> (artifact id: '3ce68c62e5babbf9b1c508ca3767d870') in 0.020917 seconds 
========================================================================
Received Import Request.
  Time since last request: 0.806111 seconds.
  path: Assets/Prefab/Spider.prefab
  artifactKey: Guid(9705728f9f83e3c448e2b2632ae2b2d7) Importer(815301076,1909f56bfc062723c751e8b465ee728b)
Start importing Assets/Prefab/Spider.prefab using Guid(9705728f9f83e3c448e2b2632ae2b2d7) Importer(815301076,1909f56bfc062723c751e8b465ee728b)  -> (artifact id: 'b1db63f64ac8758538e1b190b0fff9dc') in 0.023137 seconds 
========================================================================
Received Import Request.
  Time since last request: 1.191580 seconds.
  path: Assets/Prefab/Spider.prefab
  artifactKey: Guid(9705728f9f83e3c448e2b2632ae2b2d7) Importer(815301076,1909f56bfc062723c751e8b465ee728b)
Start importing Assets/Prefab/Spider.prefab using Guid(9705728f9f83e3c448e2b2632ae2b2d7) Importer(815301076,1909f56bfc062723c751e8b465ee728b)  -> (artifact id: '4c6eb0c3dff0d6426f99d6453929e7b0') in 0.021587 seconds 
========================================================================
Received Import Request.
  Time since last request: 1.181763 seconds.
  path: Assets/Prefab/Spider.prefab
  artifactKey: Guid(9705728f9f83e3c448e2b2632ae2b2d7) Importer(815301076,1909f56bfc062723c751e8b465ee728b)
Start importing Assets/Prefab/Spider.prefab using Guid(9705728f9f83e3c448e2b2632ae2b2d7) Importer(815301076,1909f56bfc062723c751e8b465ee728b)  -> (artifact id: '02029fac9abf5a10c55701c702d23e46') in 0.022031 seconds 
========================================================================
Received Import Request.
  Time since last request: 7.219093 seconds.
  path: Assets/Prefab/Spider.prefab
  artifactKey: Guid(9705728f9f83e3c448e2b2632ae2b2d7) Importer(815301076,1909f56bfc062723c751e8b465ee728b)
Start importing Assets/Prefab/Spider.prefab using Guid(9705728f9f83e3c448e2b2632ae2b2d7) Importer(815301076,1909f56bfc062723c751e8b465ee728b)  -> (artifact id: '0a08f59491930fd3f1d038a6f339f756') in 0.023606 seconds 
========================================================================
Received Import Request.
  Time since last request: 5.455319 seconds.
  path: Assets/Prefab/Spider.prefab
  artifactKey: Guid(9705728f9f83e3c448e2b2632ae2b2d7) Importer(815301076,1909f56bfc062723c751e8b465ee728b)
Start importing Assets/Prefab/Spider.prefab using Guid(9705728f9f83e3c448e2b2632ae2b2d7) Importer(815301076,1909f56bfc062723c751e8b465ee728b)  -> (artifact id: '467c0404a52682c01aa3efae7e229f17') in 0.025805 seconds 
========================================================================
Received Import Request.
  Time since last request: 10.884811 seconds.
  path: Assets/Prefab/Spider.prefab
  artifactKey: Guid(9705728f9f83e3c448e2b2632ae2b2d7) Importer(815301076,1909f56bfc062723c751e8b465ee728b)
Start importing Assets/Prefab/Spider.prefab using Guid(9705728f9f83e3c448e2b2632ae2b2d7) Importer(815301076,1909f56bfc062723c751e8b465ee728b)  -> (artifact id: '326856ee8e8a01a7ee96aaeb8e8dae0c') in 0.021045 seconds 
========================================================================
Received Import Request.
  Time since last request: 3.873658 seconds.
  path: Assets/Prefab/Spider.prefab
  artifactKey: Guid(9705728f9f83e3c448e2b2632ae2b2d7) Importer(815301076,1909f56bfc062723c751e8b465ee728b)
Start importing Assets/Prefab/Spider.prefab using Guid(9705728f9f83e3c448e2b2632ae2b2d7) Importer(815301076,1909f56bfc062723c751e8b465ee728b)  -> (artifact id: 'a1d061e6b5a453cbd09fabfc7739fd8f') in 0.021422 seconds 
========================================================================
Received Import Request.
  Time since last request: 5.280000 seconds.
  path: Assets/Prefab/Spider.prefab
  artifactKey: Guid(9705728f9f83e3c448e2b2632ae2b2d7) Importer(815301076,1909f56bfc062723c751e8b465ee728b)
Start importing Assets/Prefab/Spider.prefab using Guid(9705728f9f83e3c448e2b2632ae2b2d7) Importer(815301076,1909f56bfc062723c751e8b465ee728b)  -> (artifact id: 'b2a3b083abbb48c5222dc276549ab4a0') in 0.020917 seconds 
========================================================================
Received Import Request.
  Time since last request: 11.024947 seconds.
  path: Assets/Prefab/Spider.prefab
  artifactKey: Guid(9705728f9f83e3c448e2b2632ae2b2d7) Importer(815301076,1909f56bfc062723c751e8b465ee728b)
Start importing Assets/Prefab/Spider.prefab using Guid(9705728f9f83e3c448e2b2632ae2b2d7) Importer(815301076,1909f56bfc062723c751e8b465ee728b)  -> (artifact id: 'd079a1b1c1fe8c555bac96d3dd347feb') in 0.023584 seconds 
========================================================================
Received Import Request.
  Time since last request: 3.039661 seconds.
  path: Assets/Prefab/Spider.prefab
  artifactKey: Guid(9705728f9f83e3c448e2b2632ae2b2d7) Importer(815301076,1909f56bfc062723c751e8b465ee728b)
Start importing Assets/Prefab/Spider.prefab using Guid(9705728f9f83e3c448e2b2632ae2b2d7) Importer(815301076,1909f56bfc062723c751e8b465ee728b)  -> (artifact id: 'ca0216df1a077db7ec2a8e2ff7e2ceee') in 0.019539 seconds 
========================================================================
Received Import Request.
  Time since last request: 12.120580 seconds.
  path: Assets/Prefab/Spider.prefab
  artifactKey: Guid(9705728f9f83e3c448e2b2632ae2b2d7) Importer(815301076,1909f56bfc062723c751e8b465ee728b)
Start importing Assets/Prefab/Spider.prefab using Guid(9705728f9f83e3c448e2b2632ae2b2d7) Importer(815301076,1909f56bfc062723c751e8b465ee728b)  -> (artifact id: 'bd81becf24f46104aee445305af39fcf') in 0.021354 seconds 
========================================================================
Received Import Request.
  Time since last request: 7.806848 seconds.
  path: Assets/Prefab/Spider.prefab
  artifactKey: Guid(9705728f9f83e3c448e2b2632ae2b2d7) Importer(815301076,1909f56bfc062723c751e8b465ee728b)
Start importing Assets/Prefab/Spider.prefab using Guid(9705728f9f83e3c448e2b2632ae2b2d7) Importer(815301076,1909f56bfc062723c751e8b465ee728b)  -> (artifact id: '977397cc6f497cb10e89037ab197218b') in 0.040003 seconds 
========================================================================
Received Import Request.
  Time since last request: 17.777139 seconds.
  path: Assets/Prefab/Spider.prefab
  artifactKey: Guid(9705728f9f83e3c448e2b2632ae2b2d7) Importer(815301076,1909f56bfc062723c751e8b465ee728b)
Start importing Assets/Prefab/Spider.prefab using Guid(9705728f9f83e3c448e2b2632ae2b2d7) Importer(815301076,1909f56bfc062723c751e8b465ee728b)  -> (artifact id: '2c30a70b6cc608a1d24734cb88ec071b') in 0.020586 seconds 
========================================================================
Received Import Request.
  Time since last request: 9.647939 seconds.
  path: Assets/Prefab/Spider.prefab
  artifactKey: Guid(9705728f9f83e3c448e2b2632ae2b2d7) Importer(815301076,1909f56bfc062723c751e8b465ee728b)
Start importing Assets/Prefab/Spider.prefab using Guid(9705728f9f83e3c448e2b2632ae2b2d7) Importer(815301076,1909f56bfc062723c751e8b465ee728b)  -> (artifact id: 'c78dc37acc036f91a0c4bac358e54745') in 0.028567 seconds 
========================================================================
Received Prepare
Registering precompiled user dll's ...
Registered in 0.010332 seconds.
Begin MonoManager ReloadAssembly
Native extension for WindowsStandalone target not found
Native extension for WebGL target not found
Refreshing native plugins compatible for Editor in 0.59 ms, found 3 plugins.
Preloading 0 native plugins for Editor in 0.00 ms.
Mono: successfully reloaded assembly
- Completed reload, in  0.945 seconds
Domain Reload Profiling:
	ReloadAssembly (945ms)
		BeginReloadAssembly (127ms)
			ExecutionOrderSort (0ms)
			DisableScriptedObjects (5ms)
			BackupInstance (0ms)
			ReleaseScriptingObjects (0ms)
			CreateAndSetChildDomain (37ms)
		EndReloadAssembly (771ms)
			LoadAssemblies (112ms)
			RebuildTransferFunctionScriptingTraits (0ms)
			SetupTypeCache (286ms)
			ReleaseScriptCaches (1ms)
			RebuildScriptCaches (37ms)
			SetupLoadedEditorAssemblies (266ms)
				LogAssemblyErrors (0ms)
				InitializePlatformSupportModulesInManaged (5ms)
				SetLoadedEditorAssemblies (0ms)
				RefreshPlugins (1ms)
				BeforeProcessingInitializeOnLoad (72ms)
				ProcessInitializeOnLoadAttributes (176ms)
				ProcessInitializeOnLoadMethodAttributes (9ms)
				AfterProcessingInitializeOnLoad (2ms)
				EditorAssembliesLoaded (0ms)
			ExecutionOrderSort2 (0ms)
			AwakeInstancesAfterBackupRestoration (8ms)
Platform modules already initialized, skipping
Refreshing native plugins compatible for Editor in 0.62 ms, found 3 plugins.
Preloading 0 native plugins for Editor in 0.00 ms.
Unloading 2343 Unused Serialized files (Serialized files now loaded: 0)
System memory in use before: 121.1 MB.
System memory in use after: 121.1 MB.

Unloading 24 unused Assets to reduce memory usage. Loaded Objects now: 2845.
Total: 3.517100 ms (FindLiveObjects: 0.274300 ms CreateObjectMapping: 0.057000 ms MarkObjects: 3.019800 ms  DeleteObjects: 0.164300 ms)

AssetImportParameters requested are different than current active one (requested -> active):
  custom:framework-win-MediaFoundation: 216162199b28c13a410421893ffa2e32 -> 
  custom:video-decoder-ogg-theora: a1e56fd34408186e4bbccfd4996cb3dc -> 
  custom:container-muxer-webm: aa71ff27fc2769a1b78a27578f13a17b -> 
  custom:container-demuxer-webm: 4f35f7cbe854078d1ac9338744f61a02 -> 
  custom:container-demuxer-ogg: 62fdf1f143b41e24485cea50d1cbac27 -> 
  custom:video-encoder-webm-vp8: eb34c28f22e8b96e1ab97ce403110664 -> 
  custom:video-codec-MediaFoundation-h265: 746d11721c4dcdbdad8f713fa42b33f4 -> 
  custom:video-decoder-webm-vp8: 9c59270c3fd7afecdb556c50c9e8de78 -> 
  custom:audio-decoder-ogg-vorbis: bf7c407c2cedff20999df2af8eb42d56 -> 
  custom:audio-encoder-webm-vorbis: bf7c407c2cedff20999df2af8eb42d56 -> 
